time=2024-10-17T15:49:22.052+08:00 level=INFO source=/home/kytolly/Project/gowork/blockchain/internal/wallet_model/wallets.go:30 msg="New address generated, adding into Wallets..."
time=2024-10-17T15:49:22.052+08:00 level=INFO source=/home/kytolly/Project/gowork/blockchain/internal/wallet_model/wallets.go:68 msg="New Wallet has been save into file"
time=2024-10-17T15:49:22.056+08:00 level=INFO source=/home/kytolly/Project/gowork/blockchain/internal/wallet_model/wallets.go:59 msg="Wallets successfully loaded from file"
time=2024-10-17T15:49:22.056+08:00 level=INFO source=/home/kytolly/Project/gowork/blockchain/internal/wallet_model/wallets.go:30 msg="New address generated, adding into Wallets..."
time=2024-10-17T15:49:22.056+08:00 level=INFO source=/home/kytolly/Project/gowork/blockchain/internal/wallet_model/wallets.go:68 msg="New Wallet has been save into file"
time=2024-10-17T15:49:22.060+08:00 level=INFO source=/home/kytolly/Project/gowork/blockchain/internal/wallet_model/wallets.go:59 msg="Wallets successfully loaded from file"
time=2024-10-17T15:49:22.060+08:00 level=INFO source=/home/kytolly/Project/gowork/blockchain/internal/wallet_model/wallets.go:30 msg="New address generated, adding into Wallets..."
time=2024-10-17T15:49:22.064+08:00 level=INFO source=/home/kytolly/Project/gowork/blockchain/internal/wallet_model/wallets.go:68 msg="New Wallet has been save into file"
time=2024-10-17T15:50:31.404+08:00 level=INFO source=/home/kytolly/Project/gowork/blockchain/internal/block_database/connecttodb.go:43 msg="The BlockChain is connected MongoDB successfully!"
time=2024-10-17T15:50:31.405+08:00 level=DEBUG source=/home/kytolly/Project/gowork/blockchain/internal/block_database/checkdbempty.go:15 msg="Collection is empty, insert genesis block..."
time=2024-10-17T15:50:31.419+08:00 level=INFO source=/home/kytolly/Project/gowork/blockchain/internal/block_database/findlastblock.go:31 msg="No hash to block found in collection!"
time=2024-10-17T15:50:31.419+08:00 level=DEBUG source=/home/kytolly/Project/gowork/blockchain/internal/transaction_model/transaction.go:32 msg="coinbase built" txid=1302ec700e29761878862686ded6c95f2b7fbc6192fcda3f44584005da305ce2
time=2024-10-17T15:50:31.419+08:00 level=INFO source=/home/kytolly/Project/gowork/blockchain/internal/block_model/proofofwork.go:69 msg="(Proof of work)" Hash=89489f056247533eab54453a541b0531934021ad3bb17c1db122755330b2e380 NONCE=1
time=2024-10-17T15:50:31.419+08:00 level=INFO source=/home/kytolly/Project/gowork/blockchain/internal/block_model/proofofwork.go:69 msg="(Proof of work)" Hash=c2430814b502730691407c2d0a6b796d30e8193e4ffe929cbae401825a8825a0 NONCE=2
time=2024-10-17T15:50:31.419+08:00 level=INFO source=/home/kytolly/Project/gowork/blockchain/internal/block_model/proofofwork.go:69 msg="(Proof of work)" Hash=f241ce946835189f3d0aa47027961d3adb2ad75068a58f7500eae71e28ae62fc NONCE=3
time=2024-10-17T15:50:31.419+08:00 level=INFO source=/home/kytolly/Project/gowork/blockchain/internal/block_model/proofofwork.go:69 msg="(Proof of work)" Hash=49197d3efbc0073798d4d24be313c3e596aa93611ff12db0e56067605173ad7f NONCE=4
time=2024-10-17T15:50:31.419+08:00 level=INFO source=/home/kytolly/Project/gowork/blockchain/internal/block_model/proofofwork.go:69 msg="(Proof of work)" Hash=de7143de065608892f5cb79a8e3142c64d01cc68e308eef268316d65c4e624f3 NONCE=5
time=2024-10-17T15:50:31.419+08:00 level=INFO source=/home/kytolly/Project/gowork/blockchain/internal/block_model/proofofwork.go:69 msg="(Proof of work)" Hash=4a742e5e1626b4576bd5cc3af10cffb97e9f1315748dd20edb6c94bec3da7176 NONCE=6
time=2024-10-17T15:50:31.419+08:00 level=INFO source=/home/kytolly/Project/gowork/blockchain/internal/block_model/proofofwork.go:69 msg="(Proof of work)" Hash=a78bd1b8da24b033df5ab32d1049a532c2a795c51b10bd6c0d1292cfa98c2653 NONCE=7
time=2024-10-17T15:50:31.419+08:00 level=INFO source=/home/kytolly/Project/gowork/blockchain/internal/block_model/proofofwork.go:69 msg="(Proof of work)" Hash=39b190b9cb6ebded9c772831f7dc0ff82956c1b36993dd67e8bdc4263ca4ff97 NONCE=8
time=2024-10-17T15:50:31.419+08:00 level=INFO source=/home/kytolly/Project/gowork/blockchain/internal/block_model/proofofwork.go:69 msg="(Proof of work)" Hash=fac704a26c4503b6bce62ea5b14c07a4ea996ad44028a94aaed6b8766b57dd90 NONCE=9
time=2024-10-17T15:50:31.419+08:00 level=INFO source=/home/kytolly/Project/gowork/blockchain/internal/block_model/proofofwork.go:69 msg="(Proof of work)" Hash=38a1fa3803a42b721ea1cc24812a92ff19c5d7f865e13638c6d21a08e76c44d0 NONCE=10
time=2024-10-17T15:50:31.419+08:00 level=INFO source=/home/kytolly/Project/gowork/blockchain/internal/block_model/proofofwork.go:69 msg="(Proof of work)" Hash=2d71814d19c2ede7e638c5e9a33364b22a08bdc058504b076c689025450cfa7a NONCE=11
time=2024-10-17T15:50:31.419+08:00 level=INFO source=/home/kytolly/Project/gowork/blockchain/internal/block_model/proofofwork.go:69 msg="(Proof of work)" Hash=3252154079de3e2da32d7a58964d4e545145d594f24045bb2f4e1e485a1f1736 NONCE=12
time=2024-10-17T15:50:31.419+08:00 level=INFO source=/home/kytolly/Project/gowork/blockchain/internal/block_model/proofofwork.go:69 msg="(Proof of work)" Hash=89d25199bacee063efa7f6e57f47e5a8ea1ae02f9d27513ce767d90942eabada NONCE=13
time=2024-10-17T15:50:31.419+08:00 level=INFO source=/home/kytolly/Project/gowork/blockchain/internal/block_model/proofofwork.go:69 msg="(Proof of work)" Hash=c82b1dbba2a8f2309514f860002ee8ce11a21e91166a3f9759f227cf628819e4 NONCE=14
time=2024-10-17T15:50:31.419+08:00 level=INFO source=/home/kytolly/Project/gowork/blockchain/internal/block_model/proofofwork.go:69 msg="(Proof of work)" Hash=9ee35d7dcff589659a1ead55d4b0b5789f3e20baa536b36b0e980d52b22b7020 NONCE=15
time=2024-10-17T15:50:31.419+08:00 level=INFO source=/home/kytolly/Project/gowork/blockchain/internal/block_model/proofofwork.go:69 msg="(Proof of work)" Hash=17d139d7b1a2909175865ebae2afed3169bb81291bb771772faa38f9daf21dfd NONCE=16
time=2024-10-17T15:50:31.419+08:00 level=INFO source=/home/kytolly/Project/gowork/blockchain/internal/block_model/proofofwork.go:69 msg="(Proof of work)" Hash=6a5d881f8db22ca0b89e425b608cde22ba67ef80d835e8b97d8806f3cd54d3d7 NONCE=17
time=2024-10-17T15:50:31.419+08:00 level=INFO source=/home/kytolly/Project/gowork/blockchain/internal/block_model/proofofwork.go:69 msg="(Proof of work)" Hash=604b51a488f7a19935f50481a16af120e271a10952ee98c3c021022fd2454006 NONCE=18
time=2024-10-17T15:50:31.419+08:00 level=INFO source=/home/kytolly/Project/gowork/blockchain/internal/block_model/proofofwork.go:69 msg="(Proof of work)" Hash=3f97ac07d1d5814cf50200fe7380cecaf48e7df8daab880206f0196e9fd369d2 NONCE=19
time=2024-10-17T15:50:31.419+08:00 level=INFO source=/home/kytolly/Project/gowork/blockchain/internal/block_model/proofofwork.go:69 msg="(Proof of work)" Hash=99924a29508a70968bc20eecfa454fb00a9b2c68c64d70cbdf953fc44aa7500b NONCE=20
time=2024-10-17T15:50:31.419+08:00 level=INFO source=/home/kytolly/Project/gowork/blockchain/internal/block_model/proofofwork.go:69 msg="(Proof of work)" Hash=8bb6b2ba456791ab4dd4d80dc7ca8c7a05e9c8b4f881dc1fadd9cac889e05f14 NONCE=21
time=2024-10-17T15:50:31.419+08:00 level=INFO source=/home/kytolly/Project/gowork/blockchain/internal/block_model/proofofwork.go:69 msg="(Proof of work)" Hash=90f7f466afdde0456aff5cd78e71424dd0675aeef892addc6103c62af8365ed2 NONCE=22
time=2024-10-17T15:50:31.419+08:00 level=INFO source=/home/kytolly/Project/gowork/blockchain/internal/block_model/proofofwork.go:69 msg="(Proof of work)" Hash=73e2cbadce52125b1652494d7644142f8239ee377a490e664ff1e6912f426cbd NONCE=23
time=2024-10-17T15:50:31.419+08:00 level=INFO source=/home/kytolly/Project/gowork/blockchain/internal/block_model/proofofwork.go:69 msg="(Proof of work)" Hash=1cacb363a21f216a1e9164a3ff7c3e2cee5cf3f83d02ee51598550e4241b5338 NONCE=24
time=2024-10-17T15:50:31.419+08:00 level=INFO source=/home/kytolly/Project/gowork/blockchain/internal/block_model/proofofwork.go:69 msg="(Proof of work)" Hash=2731746ba33cef7614797fda432436368d8a1401109b6322e33370a186348c9d NONCE=25
time=2024-10-17T15:50:31.419+08:00 level=INFO source=/home/kytolly/Project/gowork/blockchain/internal/block_model/proofofwork.go:69 msg="(Proof of work)" Hash=7e1292b4216e95c4c0a3d99b3040989246bddbfc09d684e4e3e243bcdc391814 NONCE=26
time=2024-10-17T15:50:31.419+08:00 level=INFO source=/home/kytolly/Project/gowork/blockchain/internal/block_model/proofofwork.go:69 msg="(Proof of work)" Hash=17a26b7be73747ca11e707cff0235fca89e88b88b568574abcbcee25ba2f1043 NONCE=27
time=2024-10-17T15:50:31.419+08:00 level=INFO source=/home/kytolly/Project/gowork/blockchain/internal/block_model/proofofwork.go:69 msg="(Proof of work)" Hash=d6bb217e83a2edf006dd4e10697c041672b9f89759f86f859a01d3ba20938b15 NONCE=28
time=2024-10-17T15:50:31.419+08:00 level=INFO source=/home/kytolly/Project/gowork/blockchain/internal/block_model/proofofwork.go:69 msg="(Proof of work)" Hash=4a02d641d725f437c275b9156f3894011112488b5fa20405ce7ceb2a2849400c NONCE=29
time=2024-10-17T15:50:31.419+08:00 level=INFO source=/home/kytolly/Project/gowork/blockchain/internal/block_model/proofofwork.go:69 msg="(Proof of work)" Hash=39c9b359a844d65754198c22bc4d8b60174dd34c53078d6ec9bc0bdfb28c1839 NONCE=30
time=2024-10-17T15:50:31.419+08:00 level=INFO source=/home/kytolly/Project/gowork/blockchain/internal/block_model/proofofwork.go:69 msg="(Proof of work)" Hash=8aba0464e4a5df79bff3a447791e60d7f1ca460ead12619406dbf41af6d0fe3c NONCE=31
time=2024-10-17T15:50:31.419+08:00 level=INFO source=/home/kytolly/Project/gowork/blockchain/internal/block_model/proofofwork.go:69 msg="(Proof of work)" Hash=ed0bf1b2f5282bba1e3ef3de3adb32d766313c1c07adcf3c49c84fd393d32f1e NONCE=32
time=2024-10-17T15:50:31.419+08:00 level=INFO source=/home/kytolly/Project/gowork/blockchain/internal/block_model/proofofwork.go:69 msg="(Proof of work)" Hash=f77f2b7075991e197dfbbedfba60091ecafbc0a44f8db501ce7c7f728b7b2685 NONCE=33
time=2024-10-17T15:50:31.419+08:00 level=INFO source=/home/kytolly/Project/gowork/blockchain/internal/block_model/proofofwork.go:69 msg="(Proof of work)" Hash=561c23619b564a36cf764e147e01e346d24f9cc712ce6b2be966b51040f8bf11 NONCE=34
time=2024-10-17T15:50:31.419+08:00 level=INFO source=/home/kytolly/Project/gowork/blockchain/internal/block_model/proofofwork.go:69 msg="(Proof of work)" Hash=a821b0e330a84e94da4af8c7540be5b125f96f686ab80be14e6c880ab1d6b3e2 NONCE=35
time=2024-10-17T15:50:31.419+08:00 level=INFO source=/home/kytolly/Project/gowork/blockchain/internal/block_model/proofofwork.go:69 msg="(Proof of work)" Hash=bf72a20a6b455501f71e98486ab944e6bdbd8f0f7581259c7e1ffa0f3e4fbdc1 NONCE=36
time=2024-10-17T15:50:31.419+08:00 level=INFO source=/home/kytolly/Project/gowork/blockchain/internal/block_model/proofofwork.go:69 msg="(Proof of work)" Hash=1b5d32fa0c7049fffbb33c68bbf444b36286cb163f294672712795b5be236def NONCE=37
time=2024-10-17T15:50:31.419+08:00 level=INFO source=/home/kytolly/Project/gowork/blockchain/internal/block_model/proofofwork.go:69 msg="(Proof of work)" Hash=cf2ee1976177e6fe665edc199b809116122cc03fca324de4726beb63748e8023 NONCE=38
time=2024-10-17T15:50:31.419+08:00 level=INFO source=/home/kytolly/Project/gowork/blockchain/internal/block_model/proofofwork.go:69 msg="(Proof of work)" Hash=adee56173b849c423e7f7090b3c7c7362760a7784850f8c0c9dd7964a261dd41 NONCE=39
time=2024-10-17T15:50:31.419+08:00 level=INFO source=/home/kytolly/Project/gowork/blockchain/internal/block_model/proofofwork.go:69 msg="(Proof of work)" Hash=174f5b3083ff2bd699801eb661a46e07e1e327089ffffa7d58ed069088efb4e7 NONCE=40
time=2024-10-17T15:50:31.419+08:00 level=INFO source=/home/kytolly/Project/gowork/blockchain/internal/block_model/proofofwork.go:69 msg="(Proof of work)" Hash=20f819509c3c45aa28b8939c8657298e3708f9d8d678e6938bf70feedd5d9c95 NONCE=41
time=2024-10-17T15:50:31.419+08:00 level=INFO source=/home/kytolly/Project/gowork/blockchain/internal/block_model/proofofwork.go:69 msg="(Proof of work)" Hash=f58feaeca57333cb17066055ec22d8a5a84d1fae3c925a4b1af885e883e3603d NONCE=42
time=2024-10-17T15:50:31.419+08:00 level=INFO source=/home/kytolly/Project/gowork/blockchain/internal/block_model/proofofwork.go:69 msg="(Proof of work)" Hash=d6b32c4e109ca72a7a35e31c1f30cf50f9f9f872344b45c255d7146143af160c NONCE=43
time=2024-10-17T15:50:31.419+08:00 level=INFO source=/home/kytolly/Project/gowork/blockchain/internal/block_model/proofofwork.go:69 msg="(Proof of work)" Hash=8d6af9cb12296eededbc437244853172d5f2c3e390a28c839b8ffbede75bff33 NONCE=44
time=2024-10-17T15:50:31.419+08:00 level=INFO source=/home/kytolly/Project/gowork/blockchain/internal/block_model/proofofwork.go:69 msg="(Proof of work)" Hash=f502cd37bd6609988fce465c958eb892d3e961b5b76a1ae472ffabd35b670b44 NONCE=45
time=2024-10-17T15:50:31.420+08:00 level=INFO source=/home/kytolly/Project/gowork/blockchain/internal/block_model/proofofwork.go:69 msg="(Proof of work)" Hash=61bf08189c840cc212e565b7ab4ec199309fc493725c70de899403d2f7dbaa46 NONCE=46
time=2024-10-17T15:50:31.420+08:00 level=INFO source=/home/kytolly/Project/gowork/blockchain/internal/block_model/proofofwork.go:69 msg="(Proof of work)" Hash=2d32898bd29ea408e0045f2ca258884117e0766c06a7791c58bc70f440a14f38 NONCE=47
time=2024-10-17T15:50:31.420+08:00 level=INFO source=/home/kytolly/Project/gowork/blockchain/internal/block_model/proofofwork.go:69 msg="(Proof of work)" Hash=7d05aaae63294c796113b5e082afb5da4e9a8a9bfbd4aa7e4e9fab311c875422 NONCE=48
time=2024-10-17T15:50:31.420+08:00 level=INFO source=/home/kytolly/Project/gowork/blockchain/internal/block_model/proofofwork.go:69 msg="(Proof of work)" Hash=fa09d83b1f17d390a37ce7b6514b91b7bccd4a04b772e213afcc7a76696c5f37 NONCE=49
time=2024-10-17T15:50:31.420+08:00 level=INFO source=/home/kytolly/Project/gowork/blockchain/internal/block_model/proofofwork.go:69 msg="(Proof of work)" Hash=e9c5b214a159828ce3fcfb56f168f327542e7967aa820765b20baae269cbe76d NONCE=50
time=2024-10-17T15:50:31.420+08:00 level=INFO source=/home/kytolly/Project/gowork/blockchain/internal/block_model/proofofwork.go:69 msg="(Proof of work)" Hash=8938bdbef2bcc74c95a386a24a7dc771e8db1a8f0617c28fb4aba85d510c79f5 NONCE=51
time=2024-10-17T15:50:31.420+08:00 level=INFO source=/home/kytolly/Project/gowork/blockchain/internal/block_model/proofofwork.go:69 msg="(Proof of work)" Hash=af83436abcd89c3d241bbc1c37915f78bba9f356d27707ef77baeab82344d878 NONCE=52
time=2024-10-17T15:50:31.420+08:00 level=INFO source=/home/kytolly/Project/gowork/blockchain/internal/block_model/proofofwork.go:69 msg="(Proof of work)" Hash=d903e3c44afeb7985f5062667d381dfc09be86bf55bfe5b4062c75503ea39eb6 NONCE=53
time=2024-10-17T15:50:31.420+08:00 level=INFO source=/home/kytolly/Project/gowork/blockchain/internal/block_model/proofofwork.go:69 msg="(Proof of work)" Hash=19819a42d5718337e239ddb9b22faa1c91ca4b551bd67fc9f3e372eaf00fd59b NONCE=54
time=2024-10-17T15:50:31.420+08:00 level=INFO source=/home/kytolly/Project/gowork/blockchain/internal/block_model/proofofwork.go:69 msg="(Proof of work)" Hash=afc0d0f1a6193348e7040e74faba3c6ce4cd407e7255c46a29b0fb6a3a3153c0 NONCE=55
time=2024-10-17T15:50:31.420+08:00 level=INFO source=/home/kytolly/Project/gowork/blockchain/internal/block_model/proofofwork.go:69 msg="(Proof of work)" Hash=42e63148319c871558c9b4195ac7ad98bc8c96516f2a85fd8abc0322a36b4342 NONCE=56
time=2024-10-17T15:50:31.420+08:00 level=INFO source=/home/kytolly/Project/gowork/blockchain/internal/block_model/proofofwork.go:69 msg="(Proof of work)" Hash=61ae03702ab14156b83d212c948c223fee894047f96917e8e65b26574d9e21a6 NONCE=57
time=2024-10-17T15:50:31.420+08:00 level=INFO source=/home/kytolly/Project/gowork/blockchain/internal/block_model/proofofwork.go:69 msg="(Proof of work)" Hash=b1b085a4d1f253bb241376eab1d0ff3e1952640d63d9fd2636c323f4d1253a80 NONCE=58
time=2024-10-17T15:50:31.420+08:00 level=INFO source=/home/kytolly/Project/gowork/blockchain/internal/block_model/proofofwork.go:69 msg="(Proof of work)" Hash=c6b3c340310bff3ff3e9e8d5ede1f69d73a36b2b9cb276cf5c387eb0c16be9f1 NONCE=59
time=2024-10-17T15:50:31.420+08:00 level=INFO source=/home/kytolly/Project/gowork/blockchain/internal/block_model/proofofwork.go:69 msg="(Proof of work)" Hash=f10170f10e7e87ae285911639c3798863c9ccf9fc71db3ff2c206d301ea498bf NONCE=60
time=2024-10-17T15:50:31.420+08:00 level=INFO source=/home/kytolly/Project/gowork/blockchain/internal/block_model/proofofwork.go:69 msg="(Proof of work)" Hash=c0b2ea97bf8a63617a9d7846b84ff8630937b4ce3d00fab76bc53b6593cb662d NONCE=61
time=2024-10-17T15:50:31.420+08:00 level=INFO source=/home/kytolly/Project/gowork/blockchain/internal/block_model/proofofwork.go:69 msg="(Proof of work)" Hash=f30f066ebda488e3c6a12ef79b900381508b989b000edf1c1ce69569792a8c6f NONCE=62
time=2024-10-17T15:50:31.420+08:00 level=INFO source=/home/kytolly/Project/gowork/blockchain/internal/block_model/proofofwork.go:69 msg="(Proof of work)" Hash=6f365ab0e2c02475adc4426bdc489ff2bfa6c79aaa87cf7a947452fd5065195f NONCE=63
time=2024-10-17T15:50:31.420+08:00 level=INFO source=/home/kytolly/Project/gowork/blockchain/internal/block_model/proofofwork.go:69 msg="(Proof of work)" Hash=7d8f44b245ad91d1abb9d0e709341bf28d025ff356c92090ba05a9d2e24db39c NONCE=64
time=2024-10-17T15:50:31.420+08:00 level=INFO source=/home/kytolly/Project/gowork/blockchain/internal/block_model/proofofwork.go:69 msg="(Proof of work)" Hash=225b11daffa65c57eb4d01ecc0413454ac4970044392cc7469fc218dbf63fa87 NONCE=65
time=2024-10-17T15:50:31.420+08:00 level=INFO source=/home/kytolly/Project/gowork/blockchain/internal/block_model/proofofwork.go:69 msg="(Proof of work)" Hash=11b0badefd70cc12bae74175050a4ed8d9afc94bf9644f7b04290febcdd392c9 NONCE=66
time=2024-10-17T15:50:31.420+08:00 level=INFO source=/home/kytolly/Project/gowork/blockchain/internal/block_model/proofofwork.go:69 msg="(Proof of work)" Hash=c5d2c1e5918ab90f104d939679f9d65da0b568ff08f4154b9d1f6b70422493ab NONCE=67
time=2024-10-17T15:50:31.420+08:00 level=INFO source=/home/kytolly/Project/gowork/blockchain/internal/block_model/proofofwork.go:69 msg="(Proof of work)" Hash=389d73744dc1b3a381c7a38e99ae08657cbbb57f0534cd9994330a42602f5cab NONCE=68
time=2024-10-17T15:50:31.420+08:00 level=INFO source=/home/kytolly/Project/gowork/blockchain/internal/block_model/proofofwork.go:69 msg="(Proof of work)" Hash=3f03e0882dfd30ef4de8fcba67ed967e0f67185ccafeafa9f70c080278aa9f64 NONCE=69
time=2024-10-17T15:50:31.420+08:00 level=INFO source=/home/kytolly/Project/gowork/blockchain/internal/block_model/proofofwork.go:69 msg="(Proof of work)" Hash=e00ef75db5804fa89e7ea16862c46f057561bddcd5160fe6218bd6067e20c56a NONCE=70
time=2024-10-17T15:50:31.420+08:00 level=INFO source=/home/kytolly/Project/gowork/blockchain/internal/block_model/proofofwork.go:69 msg="(Proof of work)" Hash=c5c2599a7245a118357d2d32697146c9b9085f09a06b389f79730d42fdc2fb36 NONCE=71
time=2024-10-17T15:50:31.420+08:00 level=INFO source=/home/kytolly/Project/gowork/blockchain/internal/block_model/proofofwork.go:69 msg="(Proof of work)" Hash=6cbe72b26d12cae85ec45df969e1510508b8c4716d2c9c1374c4698834123b39 NONCE=72
time=2024-10-17T15:50:31.420+08:00 level=INFO source=/home/kytolly/Project/gowork/blockchain/internal/block_model/proofofwork.go:69 msg="(Proof of work)" Hash=3754e5e94b0bf87c22dccc18323a9dbd2244b1265e04c3eb128350708608c9eb NONCE=73
time=2024-10-17T15:50:31.420+08:00 level=INFO source=/home/kytolly/Project/gowork/blockchain/internal/block_model/proofofwork.go:69 msg="(Proof of work)" Hash=e299ada9ea75ab20de8b04148f085d03cd86dd3e99b65b5d3db29f4c104285b8 NONCE=74
time=2024-10-17T15:50:31.420+08:00 level=INFO source=/home/kytolly/Project/gowork/blockchain/internal/block_model/proofofwork.go:69 msg="(Proof of work)" Hash=21e0ff2e1156b885a1bc11e1b155963d9ec1ae6574089d452e950598b4aa1232 NONCE=75
time=2024-10-17T15:50:31.420+08:00 level=INFO source=/home/kytolly/Project/gowork/blockchain/internal/block_model/proofofwork.go:69 msg="(Proof of work)" Hash=a8c5e9ad0fc1f0203ffc70d217b4fc03c772f4589807a83620fbdea398d5c76c NONCE=76
time=2024-10-17T15:50:31.420+08:00 level=INFO source=/home/kytolly/Project/gowork/blockchain/internal/block_model/proofofwork.go:69 msg="(Proof of work)" Hash=b55698571716e6e41881496265acf99c3278cb5bc2c449b3872190c5dae19b23 NONCE=77
time=2024-10-17T15:50:31.420+08:00 level=INFO source=/home/kytolly/Project/gowork/blockchain/internal/block_model/proofofwork.go:69 msg="(Proof of work)" Hash=7da5e11bb3c88f8e30f18938a285ed6327d65d4797adbb022d2bea2931cc9817 NONCE=78
time=2024-10-17T15:50:31.420+08:00 level=INFO source=/home/kytolly/Project/gowork/blockchain/internal/block_model/proofofwork.go:69 msg="(Proof of work)" Hash=143864715748899ae7ac112222962f5a4fb10d9d1957c9bc3743532c539ba00a NONCE=79
time=2024-10-17T15:50:31.420+08:00 level=INFO source=/home/kytolly/Project/gowork/blockchain/internal/block_model/proofofwork.go:69 msg="(Proof of work)" Hash=99367460eff4e91f9b90a5bef8b4c20325d6e53af9bb0435d86d6d8b4c96939b NONCE=80
time=2024-10-17T15:50:31.420+08:00 level=INFO source=/home/kytolly/Project/gowork/blockchain/internal/block_model/proofofwork.go:69 msg="(Proof of work)" Hash=7dbf5aa64f8c40b8f4d58f57b28bdd56db13d62bf4962504866f4d36ae9e0b54 NONCE=81
time=2024-10-17T15:50:31.420+08:00 level=INFO source=/home/kytolly/Project/gowork/blockchain/internal/block_model/proofofwork.go:69 msg="(Proof of work)" Hash=4a1bf87fd8727e749f67261201e0848e52cf3e8d37cc0bf8b148a7a6ce3aa093 NONCE=82
time=2024-10-17T15:50:31.420+08:00 level=INFO source=/home/kytolly/Project/gowork/blockchain/internal/block_model/proofofwork.go:69 msg="(Proof of work)" Hash=aa7561ad29ab1052b3d5f04e70fe955fc6e7bd57cf952b2a241c97601f8e0b38 NONCE=83
time=2024-10-17T15:50:31.420+08:00 level=INFO source=/home/kytolly/Project/gowork/blockchain/internal/block_model/proofofwork.go:69 msg="(Proof of work)" Hash=144c009d12ebdd1d45351f183a35ce6386b966b4ed77cde4e7c0a8b0411a426a NONCE=84
time=2024-10-17T15:50:31.420+08:00 level=INFO source=/home/kytolly/Project/gowork/blockchain/internal/block_model/proofofwork.go:71 msg="A Block is mined successfully!"
time=2024-10-17T15:50:31.420+08:00 level=DEBUG source=/home/kytolly/Project/gowork/blockchain/internal/block_model/blockchain.go:73 msg="coinbase TX in address" ""=Vv2VG1aZJ5g8DR7Gqnr6RZRptqP3NzSx1i78YF
time=2024-10-17T15:50:31.420+08:00 level=DEBUG source=/home/kytolly/Project/gowork/blockchain/internal/block_model/blockchain.go:80 msg=NewBlockChain: tip=0001596a7931e264addd3b345e292d9737baa188568ce3b81a9ea04799e161cc
time=2024-10-17T15:50:31.420+08:00 level=INFO source=/home/kytolly/Project/gowork/blockchain/internal/cli/command.go:38 msg="Shutting down the server..."
time=2024-10-17T15:50:31.427+08:00 level=INFO source=/home/kytolly/Project/gowork/blockchain/internal/block_database/connecttodb.go:43 msg="The BlockChain is connected MongoDB successfully!"
time=2024-10-17T15:50:31.427+08:00 level=DEBUG source=/home/kytolly/Project/gowork/blockchain/internal/block_database/checkdbempty.go:20 msg="Collection is not empty!"
time=2024-10-17T15:50:31.428+08:00 level=INFO source=/home/kytolly/Project/gowork/blockchain/internal/block_database/findlastblock.go:37 msg="The Last block hash found in database, the serial of block back..."
time=2024-10-17T15:50:31.428+08:00 level=INFO source=/home/kytolly/Project/gowork/blockchain/internal/block_model/blockchain.go:62 msg="The tip is be set to the last block hash..."
time=2024-10-17T15:50:31.428+08:00 level=DEBUG source=/home/kytolly/Project/gowork/blockchain/internal/block_model/find_transaction.go:18 msg="" "now PubKeyHash"=21a0626678c9a23ff3f3d13319f78d914a003c74
time=2024-10-17T15:50:31.428+08:00 level=DEBUG source=/home/kytolly/Project/gowork/blockchain/internal/block_model/find_transaction.go:23 msg=block.transactions len=1
time=2024-10-17T15:50:31.428+08:00 level=DEBUG source=/home/kytolly/Project/gowork/blockchain/internal/block_model/find_transaction.go:27 msg="tx in block.Transaction" txID_string=1302ec700e29761878862686ded6c95f2b7fbc6192fcda3f44584005da305ce2
time=2024-10-17T15:50:31.429+08:00 level=DEBUG source=/home/kytolly/Project/gowork/blockchain/internal/block_model/find_transaction.go:32 msg="in Outputs lable" outIdx=0
time=2024-10-17T15:50:31.429+08:00 level=DEBUG source=/home/kytolly/Project/gowork/blockchain/internal/block_model/find_transaction.go:45 msg="check out" "out PubKeyHash"=21a0626678c9a23ff3f3d13319f78d914a003c74
time=2024-10-17T15:50:31.429+08:00 level=DEBUG source=/home/kytolly/Project/gowork/blockchain/internal/block_model/find_transaction.go:48 msg="out islockedwithkey" pubKeyHash="!\xa0bfxɢ?\xf3\xf3\xd13\x19\xf7\x8d\x91J\x00<t"
time=2024-10-17T15:50:31.429+08:00 level=DEBUG source=/home/kytolly/Project/gowork/blockchain/internal/block_model/find_transaction.go:73 msg="length of findUnspent transactions" len=1
time=2024-10-17T15:50:31.429+08:00 level=INFO source=/home/kytolly/Project/gowork/blockchain/internal/cli/command.go:58 msg=success address=Vv2VG1aZJ5g8DR7Gqnr6RZRptqP3NzSx1i78YF balance=10
time=2024-10-17T15:50:31.429+08:00 level=INFO source=/home/kytolly/Project/gowork/blockchain/internal/cli/command.go:47 msg="Shutting down the server..."
time=2024-10-17T15:50:31.435+08:00 level=INFO source=/home/kytolly/Project/gowork/blockchain/internal/block_database/connecttodb.go:43 msg="The BlockChain is connected MongoDB successfully!"
time=2024-10-17T15:50:31.436+08:00 level=DEBUG source=/home/kytolly/Project/gowork/blockchain/internal/block_database/checkdbempty.go:20 msg="Collection is not empty!"
time=2024-10-17T15:50:31.436+08:00 level=INFO source=/home/kytolly/Project/gowork/blockchain/internal/block_database/findlastblock.go:37 msg="The Last block hash found in database, the serial of block back..."
time=2024-10-17T15:50:31.436+08:00 level=INFO source=/home/kytolly/Project/gowork/blockchain/internal/block_model/blockchain.go:62 msg="The tip is be set to the last block hash..."
time=2024-10-17T15:50:31.437+08:00 level=DEBUG source=/home/kytolly/Project/gowork/blockchain/internal/block_model/find_transaction.go:18 msg="" "now PubKeyHash"=e281a06202e826ac18c3427ade2460410ecf12fd
time=2024-10-17T15:50:31.437+08:00 level=DEBUG source=/home/kytolly/Project/gowork/blockchain/internal/block_model/find_transaction.go:23 msg=block.transactions len=1
time=2024-10-17T15:50:31.437+08:00 level=DEBUG source=/home/kytolly/Project/gowork/blockchain/internal/block_model/find_transaction.go:27 msg="tx in block.Transaction" txID_string=1302ec700e29761878862686ded6c95f2b7fbc6192fcda3f44584005da305ce2
time=2024-10-17T15:50:31.437+08:00 level=DEBUG source=/home/kytolly/Project/gowork/blockchain/internal/block_model/find_transaction.go:32 msg="in Outputs lable" outIdx=0
time=2024-10-17T15:50:31.437+08:00 level=DEBUG source=/home/kytolly/Project/gowork/blockchain/internal/block_model/find_transaction.go:45 msg="check out" "out PubKeyHash"=21a0626678c9a23ff3f3d13319f78d914a003c74
time=2024-10-17T15:50:31.437+08:00 level=DEBUG source=/home/kytolly/Project/gowork/blockchain/internal/block_model/find_transaction.go:73 msg="length of findUnspent transactions" len=0
time=2024-10-17T15:50:31.437+08:00 level=INFO source=/home/kytolly/Project/gowork/blockchain/internal/cli/command.go:58 msg=success address=Vv2VGKAQs1Wocu9StHMLiypU59gPM7kDN5hzzb balance=0
time=2024-10-17T15:50:31.437+08:00 level=INFO source=/home/kytolly/Project/gowork/blockchain/internal/cli/command.go:47 msg="Shutting down the server..."
time=2024-10-17T15:50:36.435+08:00 level=INFO source=/home/kytolly/Project/gowork/blockchain/internal/block_database/connecttodb.go:43 msg="The BlockChain is connected MongoDB successfully!"
time=2024-10-17T15:50:36.436+08:00 level=DEBUG source=/home/kytolly/Project/gowork/blockchain/internal/block_database/checkdbempty.go:20 msg="Collection is not empty!"
time=2024-10-17T15:50:36.436+08:00 level=INFO source=/home/kytolly/Project/gowork/blockchain/internal/block_database/findlastblock.go:37 msg="The Last block hash found in database, the serial of block back..."
time=2024-10-17T15:50:36.436+08:00 level=INFO source=/home/kytolly/Project/gowork/blockchain/internal/block_model/blockchain.go:62 msg="The tip is be set to the last block hash..."
time=2024-10-17T15:50:36.437+08:00 level=INFO source=/home/kytolly/Project/gowork/blockchain/internal/wallet_model/wallets.go:59 msg="Wallets successfully loaded from file"
time=2024-10-17T15:50:36.437+08:00 level=DEBUG source=/home/kytolly/Project/gowork/blockchain/internal/block_model/blockchain_transaction.go:25 msg="from PubKeyHash:" ""="!\xa0bfxɢ?\xf3\xf3\xd13\x19\xf7\x8d\x91J\x00<t"
time=2024-10-17T15:50:36.437+08:00 level=DEBUG source=/home/kytolly/Project/gowork/blockchain/internal/block_model/blockchain_transaction.go:26 msg="to PubKeyHash:" ""="\u2060b\x02\xe8&\xac\x18\xc3Bz\xde$`A\x0e\xcf\x12\xfd"
time=2024-10-17T15:50:36.437+08:00 level=DEBUG source=/home/kytolly/Project/gowork/blockchain/internal/block_model/find_transaction.go:18 msg="" "now PubKeyHash"=21a0626678c9a23ff3f3d13319f78d914a003c74
time=2024-10-17T15:50:36.437+08:00 level=DEBUG source=/home/kytolly/Project/gowork/blockchain/internal/block_model/find_transaction.go:23 msg=block.transactions len=1
time=2024-10-17T15:50:36.437+08:00 level=DEBUG source=/home/kytolly/Project/gowork/blockchain/internal/block_model/find_transaction.go:27 msg="tx in block.Transaction" txID_string=1302ec700e29761878862686ded6c95f2b7fbc6192fcda3f44584005da305ce2
time=2024-10-17T15:50:36.437+08:00 level=DEBUG source=/home/kytolly/Project/gowork/blockchain/internal/block_model/find_transaction.go:32 msg="in Outputs lable" outIdx=0
time=2024-10-17T15:50:36.437+08:00 level=DEBUG source=/home/kytolly/Project/gowork/blockchain/internal/block_model/find_transaction.go:45 msg="check out" "out PubKeyHash"=21a0626678c9a23ff3f3d13319f78d914a003c74
time=2024-10-17T15:50:36.437+08:00 level=DEBUG source=/home/kytolly/Project/gowork/blockchain/internal/block_model/find_transaction.go:48 msg="out islockedwithkey" pubKeyHash="!\xa0bfxɢ?\xf3\xf3\xd13\x19\xf7\x8d\x91J\x00<t"
time=2024-10-17T15:50:36.437+08:00 level=DEBUG source=/home/kytolly/Project/gowork/blockchain/internal/block_model/find_transaction.go:73 msg="length of findUnspent transactions" len=1
time=2024-10-17T15:50:36.438+08:00 level=WARN source=/home/kytolly/Project/gowork/blockchain/internal/block_model/blockchain.go:30 msg="Waning: Invalid transaction!!!"
time=2024-10-17T15:50:36.438+08:00 level=INFO source=/home/kytolly/Project/gowork/blockchain/internal/block_database/findlastblock.go:37 msg="The Last block hash found in database, the serial of block back..."
time=2024-10-17T15:50:36.438+08:00 level=INFO source=/home/kytolly/Project/gowork/blockchain/internal/block_model/proofofwork.go:69 msg="(Proof of work)" Hash=1cd0a779ce5198c39ce35d841f4cbe291f35ac47ebd945916d3adfcf24c772ad NONCE=1
time=2024-10-17T15:50:36.438+08:00 level=INFO source=/home/kytolly/Project/gowork/blockchain/internal/block_model/proofofwork.go:69 msg="(Proof of work)" Hash=ea9dfac601278b7aa7b7e278eb906b830ab9a9065d48620ef34ee21afe73b376 NONCE=2
time=2024-10-17T15:50:36.438+08:00 level=INFO source=/home/kytolly/Project/gowork/blockchain/internal/block_model/proofofwork.go:69 msg="(Proof of work)" Hash=b5a139fba8efa05f4cef012bba61a2dc6e2304bf51c392547a95eef1db3e078d NONCE=3
time=2024-10-17T15:50:36.438+08:00 level=INFO source=/home/kytolly/Project/gowork/blockchain/internal/block_model/proofofwork.go:69 msg="(Proof of work)" Hash=3ac5f85824656ec12398790594b543df8c1cfe05942afd247f6bf92c50e57c92 NONCE=4
time=2024-10-17T15:50:36.438+08:00 level=INFO source=/home/kytolly/Project/gowork/blockchain/internal/block_model/proofofwork.go:69 msg="(Proof of work)" Hash=3a17938bd9a715f8fbda037c433d76aa815b80884c9b8978ac9b94d2ae5c4417 NONCE=5
time=2024-10-17T15:50:36.438+08:00 level=INFO source=/home/kytolly/Project/gowork/blockchain/internal/block_model/proofofwork.go:69 msg="(Proof of work)" Hash=398b725a4950e9ef8ff74c17f95ef1551a49f0ce7c5c793c0c35f0eb05a490c5 NONCE=6
time=2024-10-17T15:50:36.438+08:00 level=INFO source=/home/kytolly/Project/gowork/blockchain/internal/block_model/proofofwork.go:69 msg="(Proof of work)" Hash=79d25e00233b8a9fa33fc7a779ef416c9ea01b41c7827f3646faae991c2a91bd NONCE=7
time=2024-10-17T15:50:36.438+08:00 level=INFO source=/home/kytolly/Project/gowork/blockchain/internal/block_model/proofofwork.go:69 msg="(Proof of work)" Hash=9946717610310def8d2c9057c3cbbaa5c2101a5f434cd471bdb4336adf1387e1 NONCE=8
time=2024-10-17T15:50:36.438+08:00 level=INFO source=/home/kytolly/Project/gowork/blockchain/internal/block_model/proofofwork.go:69 msg="(Proof of work)" Hash=13308f7d126c9800a5f531a913a37861854494346feab1e209144e66c4c3741c NONCE=9
time=2024-10-17T15:50:36.438+08:00 level=INFO source=/home/kytolly/Project/gowork/blockchain/internal/block_model/proofofwork.go:69 msg="(Proof of work)" Hash=710421cdfcca8363b9071847d1b901b751bcca3d175a38cf94967bffc05e7549 NONCE=10
time=2024-10-17T15:50:36.438+08:00 level=INFO source=/home/kytolly/Project/gowork/blockchain/internal/block_model/proofofwork.go:69 msg="(Proof of work)" Hash=dc92e2840dd5d34320d9346d9a47b2d77d4564258e7e3a5ea13cd268253a36c1 NONCE=11
time=2024-10-17T15:50:36.438+08:00 level=INFO source=/home/kytolly/Project/gowork/blockchain/internal/block_model/proofofwork.go:69 msg="(Proof of work)" Hash=b0d89d47ef81a1f8d75518b9221f46aa91516b501253cfdd9e3a3f41d0800f29 NONCE=12
time=2024-10-17T15:50:36.438+08:00 level=INFO source=/home/kytolly/Project/gowork/blockchain/internal/block_model/proofofwork.go:69 msg="(Proof of work)" Hash=dbf43629a957c5c5774cd1b199ae4421f15518b7ceeb3fb499ec9dbce679dc8e NONCE=13
time=2024-10-17T15:50:36.438+08:00 level=INFO source=/home/kytolly/Project/gowork/blockchain/internal/block_model/proofofwork.go:69 msg="(Proof of work)" Hash=96a72b580c1bb849996cc72b6dc08e95573101a00421d3300f8c4b913ce649a3 NONCE=14
time=2024-10-17T15:50:36.438+08:00 level=INFO source=/home/kytolly/Project/gowork/blockchain/internal/block_model/proofofwork.go:69 msg="(Proof of work)" Hash=96f821d6c69b3a6597c7cebaa0d0ef35e435632d3c77679fd7b521e2fed9360e NONCE=15
time=2024-10-17T15:50:36.438+08:00 level=INFO source=/home/kytolly/Project/gowork/blockchain/internal/block_model/proofofwork.go:69 msg="(Proof of work)" Hash=b62876f83dd82b2b5cd8a746a4450d2b9ae7f1433a0a16e6d20225c97ec85246 NONCE=16
time=2024-10-17T15:50:36.438+08:00 level=INFO source=/home/kytolly/Project/gowork/blockchain/internal/block_model/proofofwork.go:69 msg="(Proof of work)" Hash=b3c9babdd37b8a0e5f5f7ba2ba19cc7cb87bbdc7802a28d419afa6a8de1e2477 NONCE=17
time=2024-10-17T15:50:36.438+08:00 level=INFO source=/home/kytolly/Project/gowork/blockchain/internal/block_model/proofofwork.go:69 msg="(Proof of work)" Hash=ad0c762bbc71ab194a31a752167c4ff3857094f8acf2c8303d999a18920c10e5 NONCE=18
time=2024-10-17T15:50:36.438+08:00 level=INFO source=/home/kytolly/Project/gowork/blockchain/internal/block_model/proofofwork.go:69 msg="(Proof of work)" Hash=bab175f53b42ac71d05be688a370934ce0ee82946a5e9a3eac7f137a43cbc5cb NONCE=19
time=2024-10-17T15:50:36.438+08:00 level=INFO source=/home/kytolly/Project/gowork/blockchain/internal/block_model/proofofwork.go:69 msg="(Proof of work)" Hash=57bddaf3ae06ced3f74728c8406410955fc0b948059739dd070ff93c6a768e9a NONCE=20
time=2024-10-17T15:50:36.438+08:00 level=INFO source=/home/kytolly/Project/gowork/blockchain/internal/block_model/proofofwork.go:69 msg="(Proof of work)" Hash=cdc98714311d34761b593a8df2b3dd8d87c338c46a955129f19ab2ab057dbd0b NONCE=21
time=2024-10-17T15:50:36.438+08:00 level=INFO source=/home/kytolly/Project/gowork/blockchain/internal/block_model/proofofwork.go:69 msg="(Proof of work)" Hash=e7d0ed535b73c1be13a6c72410dbec008da564bb55cc31673920887e321e4e38 NONCE=22
time=2024-10-17T15:50:36.438+08:00 level=INFO source=/home/kytolly/Project/gowork/blockchain/internal/block_model/proofofwork.go:69 msg="(Proof of work)" Hash=1227cb5706a8625b68d057f77903f97d242a2581f363dcca379d090b7466de28 NONCE=23
time=2024-10-17T15:50:36.438+08:00 level=INFO source=/home/kytolly/Project/gowork/blockchain/internal/block_model/proofofwork.go:69 msg="(Proof of work)" Hash=21b8bb13339d5684bfa6fa25f4a0140092da33d5b52f01a865ece4d2959ea812 NONCE=24
time=2024-10-17T15:50:36.439+08:00 level=INFO source=/home/kytolly/Project/gowork/blockchain/internal/block_model/proofofwork.go:69 msg="(Proof of work)" Hash=f719b5245a541be3001ce27131865dcc23eca9bea82df2a1f97f6c0d9745545b NONCE=25
time=2024-10-17T15:50:36.439+08:00 level=INFO source=/home/kytolly/Project/gowork/blockchain/internal/block_model/proofofwork.go:69 msg="(Proof of work)" Hash=a2a29817d865bc933d5e9fdd1fb82ca7b6bc4e786b20a461f2315b8d7d078ddf NONCE=26
time=2024-10-17T15:50:36.439+08:00 level=INFO source=/home/kytolly/Project/gowork/blockchain/internal/block_model/proofofwork.go:69 msg="(Proof of work)" Hash=7d895910a161d2a1b46e588830a542a49798da3a30d5c9e93485fe59fa9a0a49 NONCE=27
time=2024-10-17T15:50:36.439+08:00 level=INFO source=/home/kytolly/Project/gowork/blockchain/internal/block_model/proofofwork.go:69 msg="(Proof of work)" Hash=3ef48809d222322415258a2f48d817ca3dd2b8b7de9def8ef486c8f3dc17e34b NONCE=28
time=2024-10-17T15:50:36.439+08:00 level=INFO source=/home/kytolly/Project/gowork/blockchain/internal/block_model/proofofwork.go:69 msg="(Proof of work)" Hash=5040059f3e44519a8498349f2e15cfb1fe9986988cc5c64dde35d109fa3a4d54 NONCE=29
time=2024-10-17T15:50:36.439+08:00 level=INFO source=/home/kytolly/Project/gowork/blockchain/internal/block_model/proofofwork.go:69 msg="(Proof of work)" Hash=b1ba2f2dc25289113e9d13773e7389067c54d9a858edd0d868fa3a03801b3a70 NONCE=30
time=2024-10-17T15:50:36.439+08:00 level=INFO source=/home/kytolly/Project/gowork/blockchain/internal/block_model/proofofwork.go:69 msg="(Proof of work)" Hash=5aba04bfabbd30862ef9f552c44f172f3b74c2c47769b4a64eb7c564baeb4039 NONCE=31
time=2024-10-17T15:50:36.439+08:00 level=INFO source=/home/kytolly/Project/gowork/blockchain/internal/block_model/proofofwork.go:69 msg="(Proof of work)" Hash=b20a9b06d9392816ae9eb99db47b5d3fe502a5164bf3b36cf330eaefd4b628a2 NONCE=32
time=2024-10-17T15:50:36.439+08:00 level=INFO source=/home/kytolly/Project/gowork/blockchain/internal/block_model/proofofwork.go:69 msg="(Proof of work)" Hash=6cb1544c69b4acf9bee59e46a51a153b025855d4246b5aa2a3d2740ba98c4c32 NONCE=33
time=2024-10-17T15:50:36.439+08:00 level=INFO source=/home/kytolly/Project/gowork/blockchain/internal/block_model/proofofwork.go:69 msg="(Proof of work)" Hash=5462554ae11fd40d0242a11864136fef4ced95b70e3ac5019cd417019bdbcf0c NONCE=34
time=2024-10-17T15:50:36.439+08:00 level=INFO source=/home/kytolly/Project/gowork/blockchain/internal/block_model/proofofwork.go:69 msg="(Proof of work)" Hash=38c6b5e9bf023ad940018c1dc738a39efc0c5d09ea4e171117caa82cf9b65560 NONCE=35
time=2024-10-17T15:50:36.439+08:00 level=INFO source=/home/kytolly/Project/gowork/blockchain/internal/block_model/proofofwork.go:69 msg="(Proof of work)" Hash=bc706d4875ee90805d08821447fb0c0d6c9c88f9bb16c512c7e56dc5ece5f570 NONCE=36
time=2024-10-17T15:50:36.439+08:00 level=INFO source=/home/kytolly/Project/gowork/blockchain/internal/block_model/proofofwork.go:69 msg="(Proof of work)" Hash=b1abef9f4742e131bcade2ff5515da2ee448d836f883bab27765e2bbd9867a27 NONCE=37
time=2024-10-17T15:50:36.439+08:00 level=INFO source=/home/kytolly/Project/gowork/blockchain/internal/block_model/proofofwork.go:69 msg="(Proof of work)" Hash=6eb5026421528223daac8f8baf007254f7f2ff5e77a5167f3a00e356d48a7565 NONCE=38
time=2024-10-17T15:50:36.439+08:00 level=INFO source=/home/kytolly/Project/gowork/blockchain/internal/block_model/proofofwork.go:69 msg="(Proof of work)" Hash=63139bda98ceddf1ff6e3d08653a531255366258fd067aebe5b89cc4ddf89b58 NONCE=39
time=2024-10-17T15:50:36.439+08:00 level=INFO source=/home/kytolly/Project/gowork/blockchain/internal/block_model/proofofwork.go:69 msg="(Proof of work)" Hash=7fc5d966c74580796ad4152f226144e891b4485bf374d43ca6960b2dbb907fb3 NONCE=40
time=2024-10-17T15:50:36.439+08:00 level=INFO source=/home/kytolly/Project/gowork/blockchain/internal/block_model/proofofwork.go:69 msg="(Proof of work)" Hash=6fc3e63a522fa34208064ebb164996888dbf9c02b12e5f3a67767bf1882898a6 NONCE=41
time=2024-10-17T15:50:36.439+08:00 level=INFO source=/home/kytolly/Project/gowork/blockchain/internal/block_model/proofofwork.go:69 msg="(Proof of work)" Hash=d341d56ef897be2cb1881e9a0f49344c20b1c5131bb793db3367a447b35dcc4e NONCE=42
time=2024-10-17T15:50:36.439+08:00 level=INFO source=/home/kytolly/Project/gowork/blockchain/internal/block_model/proofofwork.go:69 msg="(Proof of work)" Hash=93c97444f3494677dccc3c764aa76963713c37a3543a5d36f1910905e3237182 NONCE=43
time=2024-10-17T15:50:36.439+08:00 level=INFO source=/home/kytolly/Project/gowork/blockchain/internal/block_model/proofofwork.go:69 msg="(Proof of work)" Hash=0e51cfb351d25b2570fc4db77a982f8ef7686311c6a62b013f060a8dde372456 NONCE=44
time=2024-10-17T15:50:36.439+08:00 level=INFO source=/home/kytolly/Project/gowork/blockchain/internal/block_model/proofofwork.go:69 msg="(Proof of work)" Hash=6468adef77485c83926f5a0408d59af22681f5639aa6201fdc8232a0b020701a NONCE=45
time=2024-10-17T15:50:36.439+08:00 level=INFO source=/home/kytolly/Project/gowork/blockchain/internal/block_model/proofofwork.go:69 msg="(Proof of work)" Hash=cd3a0ed7d62c98b0805070bcbdba4037d36b1a8a49496ee626c47dd2515dc2dc NONCE=46
time=2024-10-17T15:50:36.439+08:00 level=INFO source=/home/kytolly/Project/gowork/blockchain/internal/block_model/proofofwork.go:69 msg="(Proof of work)" Hash=d1918a0b402f99b618694cdd3d7b8207406660b58f2a58a84a2505610beb9a68 NONCE=47
time=2024-10-17T15:50:36.439+08:00 level=INFO source=/home/kytolly/Project/gowork/blockchain/internal/block_model/proofofwork.go:69 msg="(Proof of work)" Hash=267e1ea3b6e7e778c1be5d3e9bef8af76a2e5dd526f304f90b111529dd3fd917 NONCE=48
time=2024-10-17T15:50:36.439+08:00 level=INFO source=/home/kytolly/Project/gowork/blockchain/internal/block_model/proofofwork.go:69 msg="(Proof of work)" Hash=93ff028ce51548a45d887a6498f48cefd7c53b605ba0c01e2612804f80ef716f NONCE=49
time=2024-10-17T15:50:36.439+08:00 level=INFO source=/home/kytolly/Project/gowork/blockchain/internal/block_model/proofofwork.go:71 msg="A Block is mined successfully!"
time=2024-10-17T15:50:36.439+08:00 level=INFO source=/home/kytolly/Project/gowork/blockchain/internal/cli/command.go:116 msg="Success sending!"
time=2024-10-17T15:50:36.439+08:00 level=INFO source=/home/kytolly/Project/gowork/blockchain/internal/cli/command.go:103 msg="Shutting down the server..."
time=2024-10-17T15:50:57.984+08:00 level=INFO source=/home/kytolly/Project/gowork/blockchain/internal/block_database/connecttodb.go:43 msg="The BlockChain is connected MongoDB successfully!"
time=2024-10-17T15:50:57.985+08:00 level=DEBUG source=/home/kytolly/Project/gowork/blockchain/internal/block_database/checkdbempty.go:20 msg="Collection is not empty!"
time=2024-10-17T15:50:57.986+08:00 level=INFO source=/home/kytolly/Project/gowork/blockchain/internal/block_database/findlastblock.go:37 msg="The Last block hash found in database, the serial of block back..."
time=2024-10-17T15:50:57.986+08:00 level=INFO source=/home/kytolly/Project/gowork/blockchain/internal/block_model/blockchain.go:62 msg="The tip is be set to the last block hash..."
time=2024-10-17T15:50:57.986+08:00 level=DEBUG source=/home/kytolly/Project/gowork/blockchain/internal/block_model/find_transaction.go:18 msg="" "now PubKeyHash"=21a0626678c9a23ff3f3d13319f78d914a003c74
time=2024-10-17T15:50:57.986+08:00 level=DEBUG source=/home/kytolly/Project/gowork/blockchain/internal/block_model/find_transaction.go:23 msg=block.transactions len=1
time=2024-10-17T15:50:57.986+08:00 level=DEBUG source=/home/kytolly/Project/gowork/blockchain/internal/block_model/find_transaction.go:27 msg="tx in block.Transaction" txID_string=6ff2de61e014de525a3901762c77e1441b4daa25a654ff459daf7d0f99a5d4fb
time=2024-10-17T15:50:57.986+08:00 level=DEBUG source=/home/kytolly/Project/gowork/blockchain/internal/block_model/find_transaction.go:32 msg="in Outputs lable" outIdx=0
time=2024-10-17T15:50:57.986+08:00 level=DEBUG source=/home/kytolly/Project/gowork/blockchain/internal/block_model/find_transaction.go:45 msg="check out" "out PubKeyHash"=e281a06202e826ac18c3427ade2460410ecf12fd
time=2024-10-17T15:50:57.986+08:00 level=DEBUG source=/home/kytolly/Project/gowork/blockchain/internal/block_model/find_transaction.go:32 msg="in Outputs lable" outIdx=1
time=2024-10-17T15:50:57.986+08:00 level=DEBUG source=/home/kytolly/Project/gowork/blockchain/internal/block_model/find_transaction.go:45 msg="check out" "out PubKeyHash"=21a0626678c9a23ff3f3d13319f78d914a003c74
time=2024-10-17T15:50:57.986+08:00 level=DEBUG source=/home/kytolly/Project/gowork/blockchain/internal/block_model/find_transaction.go:48 msg="out islockedwithkey" pubKeyHash="!\xa0bfxɢ?\xf3\xf3\xd13\x19\xf7\x8d\x91J\x00<t"
time=2024-10-17T15:50:57.986+08:00 level=DEBUG source=/home/kytolly/Project/gowork/blockchain/internal/block_model/find_transaction.go:56 msg="tx is not coinbase"
time=2024-10-17T15:50:57.986+08:00 level=DEBUG source=/home/kytolly/Project/gowork/blockchain/internal/block_model/find_transaction.go:59 msg="in PublicKey"
time=2024-10-17T15:50:57.986+08:00 level=DEBUG source=/home/kytolly/Project/gowork/blockchain/internal/block_model/find_transaction.go:61 msg="in UsesKey pubKeyHash" pubKeyHash="!\xa0bfxɢ?\xf3\xf3\xd13\x19\xf7\x8d\x91J\x00<t"
time=2024-10-17T15:50:57.987+08:00 level=DEBUG source=/home/kytolly/Project/gowork/blockchain/internal/block_model/find_transaction.go:23 msg=block.transactions len=1
time=2024-10-17T15:50:57.987+08:00 level=DEBUG source=/home/kytolly/Project/gowork/blockchain/internal/block_model/find_transaction.go:27 msg="tx in block.Transaction" txID_string=1302ec700e29761878862686ded6c95f2b7fbc6192fcda3f44584005da305ce2
time=2024-10-17T15:50:57.987+08:00 level=DEBUG source=/home/kytolly/Project/gowork/blockchain/internal/block_model/find_transaction.go:32 msg="in Outputs lable" outIdx=0
time=2024-10-17T15:50:57.987+08:00 level=DEBUG source=/home/kytolly/Project/gowork/blockchain/internal/block_model/find_transaction.go:36 msg="in Outputs lable" spentOut=0
time=2024-10-17T15:50:57.987+08:00 level=DEBUG source=/home/kytolly/Project/gowork/blockchain/internal/block_model/find_transaction.go:39 msg="continue Outputs lable" "spentOut == outIdx"=0
time=2024-10-17T15:50:57.987+08:00 level=DEBUG source=/home/kytolly/Project/gowork/blockchain/internal/block_model/find_transaction.go:73 msg="length of findUnspent transactions" len=1
time=2024-10-17T15:50:57.987+08:00 level=INFO source=/home/kytolly/Project/gowork/blockchain/internal/cli/command.go:58 msg=success address=Vv2VG1aZJ5g8DR7Gqnr6RZRptqP3NzSx1i78YF balance=5
time=2024-10-17T15:50:57.987+08:00 level=INFO source=/home/kytolly/Project/gowork/blockchain/internal/cli/command.go:47 msg="Shutting down the server..."
time=2024-10-17T15:50:57.993+08:00 level=INFO source=/home/kytolly/Project/gowork/blockchain/internal/block_database/connecttodb.go:43 msg="The BlockChain is connected MongoDB successfully!"
time=2024-10-17T15:50:57.993+08:00 level=DEBUG source=/home/kytolly/Project/gowork/blockchain/internal/block_database/checkdbempty.go:20 msg="Collection is not empty!"
time=2024-10-17T15:50:57.994+08:00 level=INFO source=/home/kytolly/Project/gowork/blockchain/internal/block_database/findlastblock.go:37 msg="The Last block hash found in database, the serial of block back..."
time=2024-10-17T15:50:57.994+08:00 level=INFO source=/home/kytolly/Project/gowork/blockchain/internal/block_model/blockchain.go:62 msg="The tip is be set to the last block hash..."
time=2024-10-17T15:50:57.994+08:00 level=DEBUG source=/home/kytolly/Project/gowork/blockchain/internal/block_model/find_transaction.go:18 msg="" "now PubKeyHash"=e281a06202e826ac18c3427ade2460410ecf12fd
time=2024-10-17T15:50:57.994+08:00 level=DEBUG source=/home/kytolly/Project/gowork/blockchain/internal/block_model/find_transaction.go:23 msg=block.transactions len=1
time=2024-10-17T15:50:57.994+08:00 level=DEBUG source=/home/kytolly/Project/gowork/blockchain/internal/block_model/find_transaction.go:27 msg="tx in block.Transaction" txID_string=6ff2de61e014de525a3901762c77e1441b4daa25a654ff459daf7d0f99a5d4fb
time=2024-10-17T15:50:57.994+08:00 level=DEBUG source=/home/kytolly/Project/gowork/blockchain/internal/block_model/find_transaction.go:32 msg="in Outputs lable" outIdx=0
time=2024-10-17T15:50:57.994+08:00 level=DEBUG source=/home/kytolly/Project/gowork/blockchain/internal/block_model/find_transaction.go:45 msg="check out" "out PubKeyHash"=e281a06202e826ac18c3427ade2460410ecf12fd
time=2024-10-17T15:50:57.994+08:00 level=DEBUG source=/home/kytolly/Project/gowork/blockchain/internal/block_model/find_transaction.go:48 msg="out islockedwithkey" pubKeyHash="\u2060b\x02\xe8&\xac\x18\xc3Bz\xde$`A\x0e\xcf\x12\xfd"
time=2024-10-17T15:50:57.994+08:00 level=DEBUG source=/home/kytolly/Project/gowork/blockchain/internal/block_model/find_transaction.go:32 msg="in Outputs lable" outIdx=1
time=2024-10-17T15:50:57.994+08:00 level=DEBUG source=/home/kytolly/Project/gowork/blockchain/internal/block_model/find_transaction.go:45 msg="check out" "out PubKeyHash"=21a0626678c9a23ff3f3d13319f78d914a003c74
time=2024-10-17T15:50:57.994+08:00 level=DEBUG source=/home/kytolly/Project/gowork/blockchain/internal/block_model/find_transaction.go:56 msg="tx is not coinbase"
time=2024-10-17T15:50:57.994+08:00 level=DEBUG source=/home/kytolly/Project/gowork/blockchain/internal/block_model/find_transaction.go:59 msg="in PublicKey"
time=2024-10-17T15:50:57.994+08:00 level=DEBUG source=/home/kytolly/Project/gowork/blockchain/internal/block_model/find_transaction.go:23 msg=block.transactions len=1
time=2024-10-17T15:50:57.994+08:00 level=DEBUG source=/home/kytolly/Project/gowork/blockchain/internal/block_model/find_transaction.go:27 msg="tx in block.Transaction" txID_string=1302ec700e29761878862686ded6c95f2b7fbc6192fcda3f44584005da305ce2
time=2024-10-17T15:50:57.994+08:00 level=DEBUG source=/home/kytolly/Project/gowork/blockchain/internal/block_model/find_transaction.go:32 msg="in Outputs lable" outIdx=0
time=2024-10-17T15:50:57.994+08:00 level=DEBUG source=/home/kytolly/Project/gowork/blockchain/internal/block_model/find_transaction.go:45 msg="check out" "out PubKeyHash"=21a0626678c9a23ff3f3d13319f78d914a003c74
time=2024-10-17T15:50:57.994+08:00 level=DEBUG source=/home/kytolly/Project/gowork/blockchain/internal/block_model/find_transaction.go:73 msg="length of findUnspent transactions" len=1
time=2024-10-17T15:50:57.994+08:00 level=INFO source=/home/kytolly/Project/gowork/blockchain/internal/cli/command.go:58 msg=success address=Vv2VGKAQs1Wocu9StHMLiypU59gPM7kDN5hzzb balance=5
time=2024-10-17T15:50:57.994+08:00 level=INFO source=/home/kytolly/Project/gowork/blockchain/internal/cli/command.go:47 msg="Shutting down the server..."
time=2024-10-17T15:52:45.575+08:00 level=INFO source=/home/kytolly/Project/gowork/blockchain/internal/block_database/connecttodb.go:43 msg="The BlockChain is connected MongoDB successfully!"
time=2024-10-17T15:52:45.576+08:00 level=DEBUG source=/home/kytolly/Project/gowork/blockchain/internal/block_database/checkdbempty.go:20 msg="Collection is not empty!"
time=2024-10-17T15:52:45.576+08:00 level=INFO source=/home/kytolly/Project/gowork/blockchain/internal/block_database/findlastblock.go:37 msg="The Last block hash found in database, the serial of block back..."
time=2024-10-17T15:52:45.576+08:00 level=INFO source=/home/kytolly/Project/gowork/blockchain/internal/block_model/blockchain.go:62 msg="The tip is be set to the last block hash..."
time=2024-10-17T15:52:45.576+08:00 level=INFO source=/home/kytolly/Project/gowork/blockchain/internal/wallet_model/wallets.go:59 msg="Wallets successfully loaded from file"
time=2024-10-17T15:52:45.576+08:00 level=DEBUG source=/home/kytolly/Project/gowork/blockchain/internal/block_model/blockchain_transaction.go:25 msg="from PubKeyHash:" ""="!\xa0bfxɢ?\xf3\xf3\xd13\x19\xf7\x8d\x91J\x00<t"
time=2024-10-17T15:52:45.576+08:00 level=DEBUG source=/home/kytolly/Project/gowork/blockchain/internal/block_model/blockchain_transaction.go:26 msg="to PubKeyHash:" ""="\x87\xe8\x9f\xe60\xad\xee\xf3\xedU\x02\t|\xa45e=s\x7f\f"
time=2024-10-17T15:52:45.576+08:00 level=DEBUG source=/home/kytolly/Project/gowork/blockchain/internal/block_model/find_transaction.go:18 msg="" "now PubKeyHash"=21a0626678c9a23ff3f3d13319f78d914a003c74
time=2024-10-17T15:52:45.577+08:00 level=DEBUG source=/home/kytolly/Project/gowork/blockchain/internal/block_model/find_transaction.go:23 msg=block.transactions len=1
time=2024-10-17T15:52:45.577+08:00 level=DEBUG source=/home/kytolly/Project/gowork/blockchain/internal/block_model/find_transaction.go:27 msg="tx in block.Transaction" txID_string=6ff2de61e014de525a3901762c77e1441b4daa25a654ff459daf7d0f99a5d4fb
time=2024-10-17T15:52:45.577+08:00 level=DEBUG source=/home/kytolly/Project/gowork/blockchain/internal/block_model/find_transaction.go:32 msg="in Outputs lable" outIdx=0
time=2024-10-17T15:52:45.577+08:00 level=DEBUG source=/home/kytolly/Project/gowork/blockchain/internal/block_model/find_transaction.go:45 msg="check out" "out PubKeyHash"=e281a06202e826ac18c3427ade2460410ecf12fd
time=2024-10-17T15:52:45.577+08:00 level=DEBUG source=/home/kytolly/Project/gowork/blockchain/internal/block_model/find_transaction.go:32 msg="in Outputs lable" outIdx=1
time=2024-10-17T15:52:45.577+08:00 level=DEBUG source=/home/kytolly/Project/gowork/blockchain/internal/block_model/find_transaction.go:45 msg="check out" "out PubKeyHash"=21a0626678c9a23ff3f3d13319f78d914a003c74
time=2024-10-17T15:52:45.577+08:00 level=DEBUG source=/home/kytolly/Project/gowork/blockchain/internal/block_model/find_transaction.go:48 msg="out islockedwithkey" pubKeyHash="!\xa0bfxɢ?\xf3\xf3\xd13\x19\xf7\x8d\x91J\x00<t"
time=2024-10-17T15:52:45.577+08:00 level=DEBUG source=/home/kytolly/Project/gowork/blockchain/internal/block_model/find_transaction.go:56 msg="tx is not coinbase"
time=2024-10-17T15:52:45.577+08:00 level=DEBUG source=/home/kytolly/Project/gowork/blockchain/internal/block_model/find_transaction.go:59 msg="in PublicKey"
time=2024-10-17T15:52:45.577+08:00 level=DEBUG source=/home/kytolly/Project/gowork/blockchain/internal/block_model/find_transaction.go:61 msg="in UsesKey pubKeyHash" pubKeyHash="!\xa0bfxɢ?\xf3\xf3\xd13\x19\xf7\x8d\x91J\x00<t"
time=2024-10-17T15:52:45.577+08:00 level=DEBUG source=/home/kytolly/Project/gowork/blockchain/internal/block_model/find_transaction.go:23 msg=block.transactions len=1
time=2024-10-17T15:52:45.577+08:00 level=DEBUG source=/home/kytolly/Project/gowork/blockchain/internal/block_model/find_transaction.go:27 msg="tx in block.Transaction" txID_string=1302ec700e29761878862686ded6c95f2b7fbc6192fcda3f44584005da305ce2
time=2024-10-17T15:52:45.577+08:00 level=DEBUG source=/home/kytolly/Project/gowork/blockchain/internal/block_model/find_transaction.go:32 msg="in Outputs lable" outIdx=0
time=2024-10-17T15:52:45.577+08:00 level=DEBUG source=/home/kytolly/Project/gowork/blockchain/internal/block_model/find_transaction.go:36 msg="in Outputs lable" spentOut=0
time=2024-10-17T15:52:45.577+08:00 level=DEBUG source=/home/kytolly/Project/gowork/blockchain/internal/block_model/find_transaction.go:39 msg="continue Outputs lable" "spentOut == outIdx"=0
time=2024-10-17T15:52:45.577+08:00 level=DEBUG source=/home/kytolly/Project/gowork/blockchain/internal/block_model/find_transaction.go:73 msg="length of findUnspent transactions" len=1
time=2024-10-17T15:52:45.578+08:00 level=WARN source=/home/kytolly/Project/gowork/blockchain/internal/block_model/blockchain.go:30 msg="Waning: Invalid transaction!!!"
time=2024-10-17T15:52:45.578+08:00 level=INFO source=/home/kytolly/Project/gowork/blockchain/internal/block_database/findlastblock.go:37 msg="The Last block hash found in database, the serial of block back..."
time=2024-10-17T15:52:45.578+08:00 level=INFO source=/home/kytolly/Project/gowork/blockchain/internal/block_model/proofofwork.go:69 msg="(Proof of work)" Hash=09b50de6cc48b9186cc2a5b3a20978eb5d9cf3b8212b6883910366c9bd4893f2 NONCE=1
time=2024-10-17T15:52:45.578+08:00 level=INFO source=/home/kytolly/Project/gowork/blockchain/internal/block_model/proofofwork.go:69 msg="(Proof of work)" Hash=b22dd6c05f3776a9117ef11e9fe7c2df0137d203bb354f064a9d644428ebecaa NONCE=2
time=2024-10-17T15:52:45.578+08:00 level=INFO source=/home/kytolly/Project/gowork/blockchain/internal/block_model/proofofwork.go:69 msg="(Proof of work)" Hash=e63b3438dbd10556789a6ae88e083c8cc8b73b111442fcab22d5324d57e853a7 NONCE=3
time=2024-10-17T15:52:45.578+08:00 level=INFO source=/home/kytolly/Project/gowork/blockchain/internal/block_model/proofofwork.go:69 msg="(Proof of work)" Hash=692d8d4db81c41ac5ab8222292ad104438ef5ae0a76afc2751ec21c6deb23538 NONCE=4
time=2024-10-17T15:52:45.578+08:00 level=INFO source=/home/kytolly/Project/gowork/blockchain/internal/block_model/proofofwork.go:69 msg="(Proof of work)" Hash=7829bf0b26d07384f6c7b7dd56f7d29870ba9f45da675d4963e37b4c630ea911 NONCE=5
time=2024-10-17T15:52:45.578+08:00 level=INFO source=/home/kytolly/Project/gowork/blockchain/internal/block_model/proofofwork.go:69 msg="(Proof of work)" Hash=161fcc90f07a5c82ae3b371997cbcd67d0841c50cb921b4b19b53344460eb90e NONCE=6
time=2024-10-17T15:52:45.579+08:00 level=INFO source=/home/kytolly/Project/gowork/blockchain/internal/block_model/proofofwork.go:69 msg="(Proof of work)" Hash=e65490f5b45db1023b33cb85544b82d26ac9dc604fc6467ff878d3e0ae44224e NONCE=7
time=2024-10-17T15:52:45.579+08:00 level=INFO source=/home/kytolly/Project/gowork/blockchain/internal/block_model/proofofwork.go:69 msg="(Proof of work)" Hash=f890f7e2f1b291a663599d13b4988d2589475b8da64c3208672893fe99c25901 NONCE=8
time=2024-10-17T15:52:45.579+08:00 level=INFO source=/home/kytolly/Project/gowork/blockchain/internal/block_model/proofofwork.go:69 msg="(Proof of work)" Hash=819e3fdd2c69799ec4dacb37c967ef42a73f37b109df809e4b71604c891edb3a NONCE=9
time=2024-10-17T15:52:45.579+08:00 level=INFO source=/home/kytolly/Project/gowork/blockchain/internal/block_model/proofofwork.go:69 msg="(Proof of work)" Hash=a5fbc78dbb5a508c5b2ab5ad33fc9755dc832a89077a109dc35e46cf1e8eea63 NONCE=10
time=2024-10-17T15:52:45.579+08:00 level=INFO source=/home/kytolly/Project/gowork/blockchain/internal/block_model/proofofwork.go:69 msg="(Proof of work)" Hash=44febc20f3044fa8d17062ff50d01831401164eddfc6512174bd2571c0b30fd7 NONCE=11
time=2024-10-17T15:52:45.579+08:00 level=INFO source=/home/kytolly/Project/gowork/blockchain/internal/block_model/proofofwork.go:69 msg="(Proof of work)" Hash=75b479f1467ac317df54ca7cdf21f6008baaa69da7cf33cfa271163472095dac NONCE=12
time=2024-10-17T15:52:45.579+08:00 level=INFO source=/home/kytolly/Project/gowork/blockchain/internal/block_model/proofofwork.go:69 msg="(Proof of work)" Hash=a3e958e716ccf1098ce6b9c52b190775ce5d04ac6baa8b986d9f96df5b3f1613 NONCE=13
time=2024-10-17T15:52:45.579+08:00 level=INFO source=/home/kytolly/Project/gowork/blockchain/internal/block_model/proofofwork.go:69 msg="(Proof of work)" Hash=b643fd8408bc0ec17bdc58913203ec1d1d05e0f2fe482790123ea319aad2241f NONCE=14
time=2024-10-17T15:52:45.579+08:00 level=INFO source=/home/kytolly/Project/gowork/blockchain/internal/block_model/proofofwork.go:69 msg="(Proof of work)" Hash=1e501d52633fda8d48b03e1cb5e0c079fba5c85192be1e9660e182e2595ea875 NONCE=15
time=2024-10-17T15:52:45.579+08:00 level=INFO source=/home/kytolly/Project/gowork/blockchain/internal/block_model/proofofwork.go:69 msg="(Proof of work)" Hash=e648ccb3a9d160ca68c00a9121279751be60c0c2132c0ceeb7fd126a954168c0 NONCE=16
time=2024-10-17T15:52:45.579+08:00 level=INFO source=/home/kytolly/Project/gowork/blockchain/internal/block_model/proofofwork.go:69 msg="(Proof of work)" Hash=3dbde241ce7cc82142c89d36ee2dc31bbeeba5137815b16269a52d41bcbfb854 NONCE=17
time=2024-10-17T15:52:45.579+08:00 level=INFO source=/home/kytolly/Project/gowork/blockchain/internal/block_model/proofofwork.go:71 msg="A Block is mined successfully!"
time=2024-10-17T15:52:45.579+08:00 level=INFO source=/home/kytolly/Project/gowork/blockchain/internal/cli/command.go:116 msg="Success sending!"
time=2024-10-17T15:52:45.579+08:00 level=INFO source=/home/kytolly/Project/gowork/blockchain/internal/cli/command.go:103 msg="Shutting down the server..."
time=2024-10-17T15:53:09.251+08:00 level=INFO source=/home/kytolly/Project/gowork/blockchain/internal/block_database/connecttodb.go:43 msg="The BlockChain is connected MongoDB successfully!"
time=2024-10-17T15:53:09.251+08:00 level=DEBUG source=/home/kytolly/Project/gowork/blockchain/internal/block_database/checkdbempty.go:20 msg="Collection is not empty!"
time=2024-10-17T15:53:09.252+08:00 level=INFO source=/home/kytolly/Project/gowork/blockchain/internal/block_database/findlastblock.go:37 msg="The Last block hash found in database, the serial of block back..."
time=2024-10-17T15:53:09.252+08:00 level=INFO source=/home/kytolly/Project/gowork/blockchain/internal/block_model/blockchain.go:62 msg="The tip is be set to the last block hash..."
time=2024-10-17T15:53:09.252+08:00 level=DEBUG source=/home/kytolly/Project/gowork/blockchain/internal/block_model/find_transaction.go:18 msg="" "now PubKeyHash"=21a0626678c9a23ff3f3d13319f78d914a003c74
time=2024-10-17T15:53:09.252+08:00 level=DEBUG source=/home/kytolly/Project/gowork/blockchain/internal/block_model/find_transaction.go:23 msg=block.transactions len=1
time=2024-10-17T15:53:09.252+08:00 level=DEBUG source=/home/kytolly/Project/gowork/blockchain/internal/block_model/find_transaction.go:27 msg="tx in block.Transaction" txID_string=63b2b28b6fb61b9a67d6f24e34b622d94d07cc02f6129cc1e03a976acf700fb7
time=2024-10-17T15:53:09.252+08:00 level=DEBUG source=/home/kytolly/Project/gowork/blockchain/internal/block_model/find_transaction.go:32 msg="in Outputs lable" outIdx=0
time=2024-10-17T15:53:09.252+08:00 level=DEBUG source=/home/kytolly/Project/gowork/blockchain/internal/block_model/find_transaction.go:45 msg="check out" "out PubKeyHash"=87e89fe630adeef3ed5502097ca435653d737f0c
time=2024-10-17T15:53:09.252+08:00 level=DEBUG source=/home/kytolly/Project/gowork/blockchain/internal/block_model/find_transaction.go:32 msg="in Outputs lable" outIdx=1
time=2024-10-17T15:53:09.252+08:00 level=DEBUG source=/home/kytolly/Project/gowork/blockchain/internal/block_model/find_transaction.go:45 msg="check out" "out PubKeyHash"=21a0626678c9a23ff3f3d13319f78d914a003c74
time=2024-10-17T15:53:09.252+08:00 level=DEBUG source=/home/kytolly/Project/gowork/blockchain/internal/block_model/find_transaction.go:48 msg="out islockedwithkey" pubKeyHash="!\xa0bfxɢ?\xf3\xf3\xd13\x19\xf7\x8d\x91J\x00<t"
time=2024-10-17T15:53:09.252+08:00 level=DEBUG source=/home/kytolly/Project/gowork/blockchain/internal/block_model/find_transaction.go:56 msg="tx is not coinbase"
time=2024-10-17T15:53:09.252+08:00 level=DEBUG source=/home/kytolly/Project/gowork/blockchain/internal/block_model/find_transaction.go:59 msg="in PublicKey"
time=2024-10-17T15:53:09.252+08:00 level=DEBUG source=/home/kytolly/Project/gowork/blockchain/internal/block_model/find_transaction.go:61 msg="in UsesKey pubKeyHash" pubKeyHash="!\xa0bfxɢ?\xf3\xf3\xd13\x19\xf7\x8d\x91J\x00<t"
time=2024-10-17T15:53:09.252+08:00 level=DEBUG source=/home/kytolly/Project/gowork/blockchain/internal/block_model/find_transaction.go:23 msg=block.transactions len=1
time=2024-10-17T15:53:09.252+08:00 level=DEBUG source=/home/kytolly/Project/gowork/blockchain/internal/block_model/find_transaction.go:27 msg="tx in block.Transaction" txID_string=6ff2de61e014de525a3901762c77e1441b4daa25a654ff459daf7d0f99a5d4fb
time=2024-10-17T15:53:09.252+08:00 level=DEBUG source=/home/kytolly/Project/gowork/blockchain/internal/block_model/find_transaction.go:32 msg="in Outputs lable" outIdx=0
time=2024-10-17T15:53:09.252+08:00 level=DEBUG source=/home/kytolly/Project/gowork/blockchain/internal/block_model/find_transaction.go:36 msg="in Outputs lable" spentOut=1
time=2024-10-17T15:53:09.252+08:00 level=DEBUG source=/home/kytolly/Project/gowork/blockchain/internal/block_model/find_transaction.go:45 msg="check out" "out PubKeyHash"=e281a06202e826ac18c3427ade2460410ecf12fd
time=2024-10-17T15:53:09.252+08:00 level=DEBUG source=/home/kytolly/Project/gowork/blockchain/internal/block_model/find_transaction.go:32 msg="in Outputs lable" outIdx=1
time=2024-10-17T15:53:09.252+08:00 level=DEBUG source=/home/kytolly/Project/gowork/blockchain/internal/block_model/find_transaction.go:36 msg="in Outputs lable" spentOut=1
time=2024-10-17T15:53:09.252+08:00 level=DEBUG source=/home/kytolly/Project/gowork/blockchain/internal/block_model/find_transaction.go:39 msg="continue Outputs lable" "spentOut == outIdx"=1
time=2024-10-17T15:53:09.252+08:00 level=DEBUG source=/home/kytolly/Project/gowork/blockchain/internal/block_model/find_transaction.go:56 msg="tx is not coinbase"
time=2024-10-17T15:53:09.252+08:00 level=DEBUG source=/home/kytolly/Project/gowork/blockchain/internal/block_model/find_transaction.go:59 msg="in PublicKey"
time=2024-10-17T15:53:09.252+08:00 level=DEBUG source=/home/kytolly/Project/gowork/blockchain/internal/block_model/find_transaction.go:61 msg="in UsesKey pubKeyHash" pubKeyHash="!\xa0bfxɢ?\xf3\xf3\xd13\x19\xf7\x8d\x91J\x00<t"
time=2024-10-17T15:53:09.253+08:00 level=DEBUG source=/home/kytolly/Project/gowork/blockchain/internal/block_model/find_transaction.go:23 msg=block.transactions len=1
time=2024-10-17T15:53:09.253+08:00 level=DEBUG source=/home/kytolly/Project/gowork/blockchain/internal/block_model/find_transaction.go:27 msg="tx in block.Transaction" txID_string=1302ec700e29761878862686ded6c95f2b7fbc6192fcda3f44584005da305ce2
time=2024-10-17T15:53:09.253+08:00 level=DEBUG source=/home/kytolly/Project/gowork/blockchain/internal/block_model/find_transaction.go:32 msg="in Outputs lable" outIdx=0
time=2024-10-17T15:53:09.253+08:00 level=DEBUG source=/home/kytolly/Project/gowork/blockchain/internal/block_model/find_transaction.go:36 msg="in Outputs lable" spentOut=0
time=2024-10-17T15:53:09.253+08:00 level=DEBUG source=/home/kytolly/Project/gowork/blockchain/internal/block_model/find_transaction.go:39 msg="continue Outputs lable" "spentOut == outIdx"=0
time=2024-10-17T15:53:09.253+08:00 level=DEBUG source=/home/kytolly/Project/gowork/blockchain/internal/block_model/find_transaction.go:73 msg="length of findUnspent transactions" len=1
time=2024-10-17T15:53:09.253+08:00 level=INFO source=/home/kytolly/Project/gowork/blockchain/internal/cli/command.go:58 msg=success address=Vv2VG1aZJ5g8DR7Gqnr6RZRptqP3NzSx1i78YF balance=4
time=2024-10-17T15:53:09.253+08:00 level=INFO source=/home/kytolly/Project/gowork/blockchain/internal/cli/command.go:47 msg="Shutting down the server..."
time=2024-10-17T15:53:09.258+08:00 level=INFO source=/home/kytolly/Project/gowork/blockchain/internal/block_database/connecttodb.go:43 msg="The BlockChain is connected MongoDB successfully!"
time=2024-10-17T15:53:09.258+08:00 level=DEBUG source=/home/kytolly/Project/gowork/blockchain/internal/block_database/checkdbempty.go:20 msg="Collection is not empty!"
time=2024-10-17T15:53:09.259+08:00 level=INFO source=/home/kytolly/Project/gowork/blockchain/internal/block_database/findlastblock.go:37 msg="The Last block hash found in database, the serial of block back..."
time=2024-10-17T15:53:09.259+08:00 level=INFO source=/home/kytolly/Project/gowork/blockchain/internal/block_model/blockchain.go:62 msg="The tip is be set to the last block hash..."
time=2024-10-17T15:53:09.259+08:00 level=DEBUG source=/home/kytolly/Project/gowork/blockchain/internal/block_model/find_transaction.go:18 msg="" "now PubKeyHash"=e281a06202e826ac18c3427ade2460410ecf12fd
time=2024-10-17T15:53:09.259+08:00 level=DEBUG source=/home/kytolly/Project/gowork/blockchain/internal/block_model/find_transaction.go:23 msg=block.transactions len=1
time=2024-10-17T15:53:09.259+08:00 level=DEBUG source=/home/kytolly/Project/gowork/blockchain/internal/block_model/find_transaction.go:27 msg="tx in block.Transaction" txID_string=63b2b28b6fb61b9a67d6f24e34b622d94d07cc02f6129cc1e03a976acf700fb7
time=2024-10-17T15:53:09.259+08:00 level=DEBUG source=/home/kytolly/Project/gowork/blockchain/internal/block_model/find_transaction.go:32 msg="in Outputs lable" outIdx=0
time=2024-10-17T15:53:09.259+08:00 level=DEBUG source=/home/kytolly/Project/gowork/blockchain/internal/block_model/find_transaction.go:45 msg="check out" "out PubKeyHash"=87e89fe630adeef3ed5502097ca435653d737f0c
time=2024-10-17T15:53:09.259+08:00 level=DEBUG source=/home/kytolly/Project/gowork/blockchain/internal/block_model/find_transaction.go:32 msg="in Outputs lable" outIdx=1
time=2024-10-17T15:53:09.259+08:00 level=DEBUG source=/home/kytolly/Project/gowork/blockchain/internal/block_model/find_transaction.go:45 msg="check out" "out PubKeyHash"=21a0626678c9a23ff3f3d13319f78d914a003c74
time=2024-10-17T15:53:09.259+08:00 level=DEBUG source=/home/kytolly/Project/gowork/blockchain/internal/block_model/find_transaction.go:56 msg="tx is not coinbase"
time=2024-10-17T15:53:09.259+08:00 level=DEBUG source=/home/kytolly/Project/gowork/blockchain/internal/block_model/find_transaction.go:59 msg="in PublicKey"
time=2024-10-17T15:53:09.259+08:00 level=DEBUG source=/home/kytolly/Project/gowork/blockchain/internal/block_model/find_transaction.go:23 msg=block.transactions len=1
time=2024-10-17T15:53:09.259+08:00 level=DEBUG source=/home/kytolly/Project/gowork/blockchain/internal/block_model/find_transaction.go:27 msg="tx in block.Transaction" txID_string=6ff2de61e014de525a3901762c77e1441b4daa25a654ff459daf7d0f99a5d4fb
time=2024-10-17T15:53:09.259+08:00 level=DEBUG source=/home/kytolly/Project/gowork/blockchain/internal/block_model/find_transaction.go:32 msg="in Outputs lable" outIdx=0
time=2024-10-17T15:53:09.259+08:00 level=DEBUG source=/home/kytolly/Project/gowork/blockchain/internal/block_model/find_transaction.go:45 msg="check out" "out PubKeyHash"=e281a06202e826ac18c3427ade2460410ecf12fd
time=2024-10-17T15:53:09.259+08:00 level=DEBUG source=/home/kytolly/Project/gowork/blockchain/internal/block_model/find_transaction.go:48 msg="out islockedwithkey" pubKeyHash="\u2060b\x02\xe8&\xac\x18\xc3Bz\xde$`A\x0e\xcf\x12\xfd"
time=2024-10-17T15:53:09.259+08:00 level=DEBUG source=/home/kytolly/Project/gowork/blockchain/internal/block_model/find_transaction.go:32 msg="in Outputs lable" outIdx=1
time=2024-10-17T15:53:09.259+08:00 level=DEBUG source=/home/kytolly/Project/gowork/blockchain/internal/block_model/find_transaction.go:45 msg="check out" "out PubKeyHash"=21a0626678c9a23ff3f3d13319f78d914a003c74
time=2024-10-17T15:53:09.259+08:00 level=DEBUG source=/home/kytolly/Project/gowork/blockchain/internal/block_model/find_transaction.go:56 msg="tx is not coinbase"
time=2024-10-17T15:53:09.259+08:00 level=DEBUG source=/home/kytolly/Project/gowork/blockchain/internal/block_model/find_transaction.go:59 msg="in PublicKey"
time=2024-10-17T15:53:09.260+08:00 level=DEBUG source=/home/kytolly/Project/gowork/blockchain/internal/block_model/find_transaction.go:23 msg=block.transactions len=1
time=2024-10-17T15:53:09.260+08:00 level=DEBUG source=/home/kytolly/Project/gowork/blockchain/internal/block_model/find_transaction.go:27 msg="tx in block.Transaction" txID_string=1302ec700e29761878862686ded6c95f2b7fbc6192fcda3f44584005da305ce2
time=2024-10-17T15:53:09.260+08:00 level=DEBUG source=/home/kytolly/Project/gowork/blockchain/internal/block_model/find_transaction.go:32 msg="in Outputs lable" outIdx=0
time=2024-10-17T15:53:09.260+08:00 level=DEBUG source=/home/kytolly/Project/gowork/blockchain/internal/block_model/find_transaction.go:45 msg="check out" "out PubKeyHash"=21a0626678c9a23ff3f3d13319f78d914a003c74
time=2024-10-17T15:53:09.260+08:00 level=DEBUG source=/home/kytolly/Project/gowork/blockchain/internal/block_model/find_transaction.go:73 msg="length of findUnspent transactions" len=1
time=2024-10-17T15:53:09.260+08:00 level=INFO source=/home/kytolly/Project/gowork/blockchain/internal/cli/command.go:58 msg=success address=Vv2VGKAQs1Wocu9StHMLiypU59gPM7kDN5hzzb balance=5
time=2024-10-17T15:53:09.260+08:00 level=INFO source=/home/kytolly/Project/gowork/blockchain/internal/cli/command.go:47 msg="Shutting down the server..."
time=2024-10-17T15:53:09.266+08:00 level=INFO source=/home/kytolly/Project/gowork/blockchain/internal/block_database/connecttodb.go:43 msg="The BlockChain is connected MongoDB successfully!"
time=2024-10-17T15:53:09.266+08:00 level=DEBUG source=/home/kytolly/Project/gowork/blockchain/internal/block_database/checkdbempty.go:20 msg="Collection is not empty!"
time=2024-10-17T15:53:09.267+08:00 level=INFO source=/home/kytolly/Project/gowork/blockchain/internal/block_database/findlastblock.go:37 msg="The Last block hash found in database, the serial of block back..."
time=2024-10-17T15:53:09.267+08:00 level=INFO source=/home/kytolly/Project/gowork/blockchain/internal/block_model/blockchain.go:62 msg="The tip is be set to the last block hash..."
time=2024-10-17T15:53:09.267+08:00 level=DEBUG source=/home/kytolly/Project/gowork/blockchain/internal/block_model/find_transaction.go:18 msg="" "now PubKeyHash"=87e89fe630adeef3ed5502097ca435653d737f0c
time=2024-10-17T15:53:09.267+08:00 level=DEBUG source=/home/kytolly/Project/gowork/blockchain/internal/block_model/find_transaction.go:23 msg=block.transactions len=1
time=2024-10-17T15:53:09.267+08:00 level=DEBUG source=/home/kytolly/Project/gowork/blockchain/internal/block_model/find_transaction.go:27 msg="tx in block.Transaction" txID_string=63b2b28b6fb61b9a67d6f24e34b622d94d07cc02f6129cc1e03a976acf700fb7
time=2024-10-17T15:53:09.267+08:00 level=DEBUG source=/home/kytolly/Project/gowork/blockchain/internal/block_model/find_transaction.go:32 msg="in Outputs lable" outIdx=0
time=2024-10-17T15:53:09.267+08:00 level=DEBUG source=/home/kytolly/Project/gowork/blockchain/internal/block_model/find_transaction.go:45 msg="check out" "out PubKeyHash"=87e89fe630adeef3ed5502097ca435653d737f0c
time=2024-10-17T15:53:09.267+08:00 level=DEBUG source=/home/kytolly/Project/gowork/blockchain/internal/block_model/find_transaction.go:48 msg="out islockedwithkey" pubKeyHash="\x87\xe8\x9f\xe60\xad\xee\xf3\xedU\x02\t|\xa45e=s\x7f\f"
time=2024-10-17T15:53:09.267+08:00 level=DEBUG source=/home/kytolly/Project/gowork/blockchain/internal/block_model/find_transaction.go:32 msg="in Outputs lable" outIdx=1
time=2024-10-17T15:53:09.267+08:00 level=DEBUG source=/home/kytolly/Project/gowork/blockchain/internal/block_model/find_transaction.go:45 msg="check out" "out PubKeyHash"=21a0626678c9a23ff3f3d13319f78d914a003c74
time=2024-10-17T15:53:09.267+08:00 level=DEBUG source=/home/kytolly/Project/gowork/blockchain/internal/block_model/find_transaction.go:56 msg="tx is not coinbase"
time=2024-10-17T15:53:09.267+08:00 level=DEBUG source=/home/kytolly/Project/gowork/blockchain/internal/block_model/find_transaction.go:59 msg="in PublicKey"
time=2024-10-17T15:53:09.267+08:00 level=DEBUG source=/home/kytolly/Project/gowork/blockchain/internal/block_model/find_transaction.go:23 msg=block.transactions len=1
time=2024-10-17T15:53:09.267+08:00 level=DEBUG source=/home/kytolly/Project/gowork/blockchain/internal/block_model/find_transaction.go:27 msg="tx in block.Transaction" txID_string=6ff2de61e014de525a3901762c77e1441b4daa25a654ff459daf7d0f99a5d4fb
time=2024-10-17T15:53:09.267+08:00 level=DEBUG source=/home/kytolly/Project/gowork/blockchain/internal/block_model/find_transaction.go:32 msg="in Outputs lable" outIdx=0
time=2024-10-17T15:53:09.267+08:00 level=DEBUG source=/home/kytolly/Project/gowork/blockchain/internal/block_model/find_transaction.go:45 msg="check out" "out PubKeyHash"=e281a06202e826ac18c3427ade2460410ecf12fd
time=2024-10-17T15:53:09.267+08:00 level=DEBUG source=/home/kytolly/Project/gowork/blockchain/internal/block_model/find_transaction.go:32 msg="in Outputs lable" outIdx=1
time=2024-10-17T15:53:09.267+08:00 level=DEBUG source=/home/kytolly/Project/gowork/blockchain/internal/block_model/find_transaction.go:45 msg="check out" "out PubKeyHash"=21a0626678c9a23ff3f3d13319f78d914a003c74
time=2024-10-17T15:53:09.267+08:00 level=DEBUG source=/home/kytolly/Project/gowork/blockchain/internal/block_model/find_transaction.go:56 msg="tx is not coinbase"
time=2024-10-17T15:53:09.267+08:00 level=DEBUG source=/home/kytolly/Project/gowork/blockchain/internal/block_model/find_transaction.go:59 msg="in PublicKey"
time=2024-10-17T15:53:09.268+08:00 level=DEBUG source=/home/kytolly/Project/gowork/blockchain/internal/block_model/find_transaction.go:23 msg=block.transactions len=1
time=2024-10-17T15:53:09.268+08:00 level=DEBUG source=/home/kytolly/Project/gowork/blockchain/internal/block_model/find_transaction.go:27 msg="tx in block.Transaction" txID_string=1302ec700e29761878862686ded6c95f2b7fbc6192fcda3f44584005da305ce2
time=2024-10-17T15:53:09.268+08:00 level=DEBUG source=/home/kytolly/Project/gowork/blockchain/internal/block_model/find_transaction.go:32 msg="in Outputs lable" outIdx=0
time=2024-10-17T15:53:09.268+08:00 level=DEBUG source=/home/kytolly/Project/gowork/blockchain/internal/block_model/find_transaction.go:45 msg="check out" "out PubKeyHash"=21a0626678c9a23ff3f3d13319f78d914a003c74
time=2024-10-17T15:53:09.268+08:00 level=DEBUG source=/home/kytolly/Project/gowork/blockchain/internal/block_model/find_transaction.go:73 msg="length of findUnspent transactions" len=1
time=2024-10-17T15:53:09.268+08:00 level=INFO source=/home/kytolly/Project/gowork/blockchain/internal/cli/command.go:58 msg=success address=Vv2VGAuNkzDWxChKghXLMuaqan6wrTBYXoJbKG balance=1
time=2024-10-17T15:53:09.268+08:00 level=INFO source=/home/kytolly/Project/gowork/blockchain/internal/cli/command.go:47 msg="Shutting down the server..."
